Arguments: 
  /home/seph/.fnm/node-versions/v15.3.0/installation/bin/node /tmp/fnm_multishell_70676_1616028563080/bin/yarn

PATH: 
  /tmp/fnm_multishell_70676_1616028563080/bin:/home/seph/.fnm:/tmp/fnm_multishell_70672_1616028563066/bin:/home/seph/.fnm:/home/seph/.cargo/bin:/home/seph/.bin:/home/seph/.cargo/bin:/usr/local/sbin:/usr/local/bin:/usr/sbin:/usr/bin:/sbin:/bin:/usr/games:/usr/local/games:/snap/bin

Yarn version: 
  1.22.10

Node version: 
  15.3.0

Platform: 
  linux x64

Trace: 
  Error: https://registry.yarnpkg.com/@josephg%2fbraid-client-raw: Not found
      at Request.params.callback [as _callback] (/home/seph/.fnm/node-versions/v15.3.0/installation/lib/node_modules/yarn/lib/cli.js:66988:18)
      at Request.self.callback (/home/seph/.fnm/node-versions/v15.3.0/installation/lib/node_modules/yarn/lib/cli.js:140662:22)
      at Request.emit (node:events:376:20)
      at Request.<anonymous> (/home/seph/.fnm/node-versions/v15.3.0/installation/lib/node_modules/yarn/lib/cli.js:141634:10)
      at Request.emit (node:events:376:20)
      at IncomingMessage.<anonymous> (/home/seph/.fnm/node-versions/v15.3.0/installation/lib/node_modules/yarn/lib/cli.js:141556:12)
      at Object.onceWrapper (node:events:482:28)
      at IncomingMessage.emit (node:events:388:22)
      at endReadableNT (node:internal/streams/readable:1294:12)
      at processTicksAndRejections (node:internal/process/task_queues:80:21)

npm manifest: 
  {
    "name": "@braid-protocol/client",
    "version": "1.0.0",
    "main": "dist/client.js",
    "types": "dist/client.d.ts",
    "license": "MIT",
    "dependencies": {
      "@braid-protocol/client-raw": "*"
    },
    "scripts": {
      "prepare": "tsc"
    },
    "devDependencies": {
      "typescript": "^4.1.3"
    }
  }

yarn manifest: 
  No manifest

Lockfile: 
  No lockfile
